<?xml version="1.0" encoding="UTF-8"?>
<!-- Generated by org.testng.reporters.JUnitReportReporter -->
<testsuite hostname="DESKTOP-B0M0N56" failures="0" tests="1" name="website.AWAWebsiteTest" time="6.310" errors="0" timestamp="2023-08-30T19:55:57 EDT" skipped="0">
  <testcase classname="website.AWAWebsiteTest" name="hotelClicks" time="6.310"/>
  <system-out/>
</testsuite> <!-- website.AWAWebsiteTest -->
